Containers:
  [+] MainContainer:
   |            ID: 0x0000000000000000
   |        Bounds: IsValid=false, Min=(X=0.000 Y=0.000 Z=0.000), Max=(X=0.000 Y=0.000 Z=0.000)
   |     Transform: 0.000000,0.000000,0.000000|0.000000,0.000000,-0.000000|1.000000,1.000000,1.000000
   |     Container: /Game/FirstPerson/Maps/FirstPersonMap
   |  ActorDescs:
   |      - Guid:062AED5547088613D4E88D9B99E3136E Class:StaticMeshActor Name:StaticMeshActor_UAID_FCB3BC450B09163C01_1361743396 SpatiallyLoaded:true Bounds:IsValid=true, Min=(X=-890.000 Y=-280.000 Z=-42.500), Max=(X=2210.000 Y=2920.000 Z=-17.500) RuntimeGrid:None EditorOnly:false LevelBoundsRelevant:true HLODRelevant:true FolderPath:None FolderGuid:00000000000000000000000000000000 Parent:00000000000000000000000000000000
   |      - Guid:38C958AF443394C2FB910ABCA34B7779 Class:StaticMeshActor Name:StaticMeshActor_UAID_FCB3BC450B09143C01_1638647039 SpatiallyLoaded:true Bounds:IsValid=true, Min=(X=1378.446 Y=199.295 Z=-7.487), Max=(X=1881.554 Y=720.705 Z=167.513) RuntimeGrid:None EditorOnly:false LevelBoundsRelevant:true HLODRelevant:false FolderPath:Level FolderGuid:C12023E34B3031381CB12D9CF1711D69 Parent:00000000000000000000000000000000
   |      - Guid:5FE7584649BB6F09265329A6C57CFD0D Class:VolumetricCloud Name:VolumetricCloud_0 SpatiallyLoaded:false Bounds:IsValid=true, Min=(X=0.000 Y=0.000 Z=820.000), Max=(X=0.000 Y=0.000 Z=820.000) RuntimeGrid:None EditorOnly:false LevelBoundsRelevant:false HLODRelevant:false FolderPath:Lighting FolderGuid:0BA5F0A04EADB18E70D5B180D08FA34B Parent:00000000000000000000000000000000
   |      - Guid:61391D344900612A77DFC3BA3E354907 Class:ExponentialHeightFog Name:ExponentialHeightFog_0 SpatiallyLoaded:false Bounds:IsValid=true, Min=(X=-5600.000 Y=-50.000 Z=-6850.000), Max=(X=-5600.000 Y=-50.000 Z=-6850.000) RuntimeGrid:None EditorOnly:false LevelBoundsRelevant:false HLODRelevant:false FolderPath:Lighting FolderGuid:0BA5F0A04EADB18E70D5B180D08FA34B Parent:00000000000000000000000000000000
   |      - Guid:6FEFB3BD4EB37B849EF0D4AC80F83855 Class:WorldDataLayers Name:WorldDataLayers SpatiallyLoaded:false Bounds:IsValid=true, Min=(X=0.000 Y=0.000 Z=0.000), Max=(X=0.000 Y=0.000 Z=0.000) RuntimeGrid:None EditorOnly:false LevelBoundsRelevant:false HLODRelevant:false FolderPath:None FolderGuid:00000000000000000000000000000000 Parent:00000000000000000000000000000000
   |      - Guid:A354B1B24E617A525DC6B48CCDE2417E Class:PlayerStart Name:PlayerStart_0 SpatiallyLoaded:false Bounds:IsValid=true, Min=(X=860.000 Y=810.000 Z=0.013), Max=(X=940.000 Y=890.000 Z=184.013) RuntimeGrid:None EditorOnly:false LevelBoundsRelevant:true HLODRelevant:false FolderPath:None FolderGuid:00000000000000000000000000000000 Parent:00000000000000000000000000000000
   |      - Guid:BD3EBCA14760D563FDBC17B836D59CB5 Class:StaticMeshActor Name:StaticMeshActor_UAID_FCB3BC450B09143C01_1682912040 SpatiallyLoaded:true Bounds:IsValid=true, Min=(X=1133.948 Y=79.102 Z=-358.775), Max=(X=1606.052 Y=600.898 Z=998.800) RuntimeGrid:None EditorOnly:false LevelBoundsRelevant:true HLODRelevant:false FolderPath:Level FolderGuid:C12023E34B3031381CB12D9CF1711D69 Parent:00000000000000000000000000000000
   |      - Guid:C0C56B9644AE3D40CAFF6A878DB29844 Class:StaticMeshActor Name:StaticMeshActor_UAID_A4AE111137DC5EFB00_2001720423 SpatiallyLoaded:true Bounds:IsValid=true, Min=(X=-1638400.000 Y=-1638400.000 Z=-1638400.000), Max=(X=1638400.000 Y=1638400.000 Z=1638400.000) RuntimeGrid:None EditorOnly:false LevelBoundsRelevant:true HLODRelevant:true FolderPath:Lighting FolderGuid:0BA5F0A04EADB18E70D5B180D08FA34B Parent:00000000000000000000000000000000
   |      - Guid:C22CE07C4B87D685137FDBBC10FC92C6 Class:SkyAtmosphere Name:SkyAtmosphere_0 SpatiallyLoaded:false Bounds:IsValid=true, Min=(X=0.000 Y=0.000 Z=1020.000), Max=(X=0.000 Y=0.000 Z=1020.000) RuntimeGrid:None EditorOnly:false LevelBoundsRelevant:false HLODRelevant:false FolderPath:Lighting FolderGuid:0BA5F0A04EADB18E70D5B180D08FA34B Parent:00000000000000000000000000000000
   |      - Guid:CE8D82634660FCDB3120E2B8D547C533 Class:PostProcessVolume Name:PostProcessVolume_0 SpatiallyLoaded:false Bounds:IsValid=true, Min=(X=0.000 Y=0.000 Z=400.000), Max=(X=200.000 Y=200.000 Z=600.000) RuntimeGrid:None EditorOnly:false LevelBoundsRelevant:false HLODRelevant:false FolderPath:Lighting FolderGuid:0BA5F0A04EADB18E70D5B180D08FA34B Parent:00000000000000000000000000000000
   |      - Guid:E5320C1B4FD9764CE7B54D8487AEC613 Class:SkyLight Name:SkyLight_0 SpatiallyLoaded:false Bounds:IsValid=true, Min=(X=0.000 Y=0.000 Z=690.000), Max=(X=0.000 Y=0.000 Z=690.000) RuntimeGrid:None EditorOnly:false LevelBoundsRelevant:false HLODRelevant:false FolderPath:Lighting FolderGuid:0BA5F0A04EADB18E70D5B180D08FA34B Parent:00000000000000000000000000000000
   |      - Guid:ECAEB26846392FFD1AAD3587D91FCDFB Class:StaticMeshActor Name:StaticMeshActor_UAID_FCB3BC450B09163C01_1282865395 SpatiallyLoaded:true Bounds:IsValid=true, Min=(X=-2815.000 Y=1565.000 Z=-42.500), Max=(X=-1465.000 Y=2815.000 Z=-17.500) RuntimeGrid:None EditorOnly:false LevelBoundsRelevant:true HLODRelevant:true FolderPath:None FolderGuid:00000000000000000000000000000000 Parent:00000000000000000000000000000000
   |      - Guid:F80621C9446867154938FE81375207DA Class:DirectionalLight Name:DirectionalLight_1 SpatiallyLoaded:false Bounds:IsValid=true, Min=(X=-1048576.000 Y=-1048576.000 Z=-1048576.000), Max=(X=1048576.000 Y=1048576.000 Z=1048576.000) RuntimeGrid:None EditorOnly:false LevelBoundsRelevant:false HLODRelevant:false FolderPath:Lighting FolderGuid:0BA5F0A04EADB18E70D5B180D08FA34B Parent:00000000000000000000000000000000
   |      - Guid:FE7EF5104FECA4B6FB203C9E8DB3CE78 Class:StaticMeshActor Name:StaticMeshActor_UAID_FCB3BC450B09153C01_2003506217 SpatiallyLoaded:true Bounds:IsValid=true, Min=(X=-9330.000 Y=-10440.000 Z=-110.000), Max=(X=20670.000 Y=19560.000 Z=-35.000) RuntimeGrid:None EditorOnly:false LevelBoundsRelevant:true HLODRelevant:true FolderPath:Level FolderGuid:6C02BB504B69D1F3D7A624B130C18E5B Parent:00000000000000000000000000000000
